2018/12/25 11:35:09 [notice] 1#1: using the "epoll" event method
2018/12/25 11:35:09 [notice] 1#1: nginx/1.15.5
2018/12/25 11:35:09 [notice] 1#1: built by gcc 6.4.0 (Alpine 6.4.0) 
2018/12/25 11:35:09 [notice] 1#1: OS: Linux 4.15.0-43-generic
2018/12/25 11:35:09 [notice] 1#1: getrlimit(RLIMIT_NOFILE): 1048576:1048576
2018/12/25 11:35:09 [notice] 1#1: start worker processes
2018/12/25 11:35:09 [notice] 1#1: start worker process 8
2018/12/25 11:35:09 [notice] 1#1: start worker process 9
2018/12/25 11:35:09 [notice] 1#1: start worker process 10
2018/12/25 11:35:09 [notice] 1#1: start worker process 11
2018/12/25 11:38:02 [notice] 1#1: signal 15 (SIGTERM) received, exiting
2018/12/25 11:38:02 [notice] 8#8: exiting
2018/12/25 11:38:02 [notice] 9#9: exiting
2018/12/25 11:38:02 [notice] 11#11: exiting
2018/12/25 11:38:02 [notice] 10#10: exiting
2018/12/25 11:38:02 [notice] 1#1: signal 17 (SIGCHLD) received from 8
2018/12/25 11:38:02 [notice] 1#1: worker process 8 exited with code 0
2018/12/25 11:38:02 [notice] 1#1: worker process 11 exited with code 0
2018/12/25 11:38:02 [notice] 1#1: signal 29 (SIGIO) received
2018/12/25 11:38:02 [notice] 1#1: signal 17 (SIGCHLD) received from 10
2018/12/25 11:38:02 [notice] 1#1: worker process 9 exited with code 0
2018/12/25 11:38:02 [notice] 1#1: worker process 10 exited with code 0
2018/12/25 11:38:02 [notice] 1#1: exit
2018/12/25 11:38:11 [notice] 1#1: using the "epoll" event method
2018/12/25 11:38:11 [notice] 1#1: nginx/1.15.5
2018/12/25 11:38:11 [notice] 1#1: built by gcc 6.4.0 (Alpine 6.4.0) 
2018/12/25 11:38:11 [notice] 1#1: OS: Linux 4.15.0-43-generic
2018/12/25 11:38:11 [notice] 1#1: getrlimit(RLIMIT_NOFILE): 1048576:1048576
2018/12/25 11:38:11 [notice] 1#1: start worker processes
2018/12/25 11:38:11 [notice] 1#1: start worker process 8
2018/12/25 11:38:11 [notice] 1#1: start worker process 9
2018/12/25 11:38:11 [notice] 1#1: start worker process 10
2018/12/25 11:38:11 [notice] 1#1: start worker process 11
2018/12/25 11:53:40 [notice] 1#1: signal 15 (SIGTERM) received, exiting
2018/12/25 11:53:40 [notice] 8#8: exiting
2018/12/25 11:53:40 [notice] 10#10: exiting
2018/12/25 11:53:40 [notice] 9#9: exiting
2018/12/25 11:53:40 [notice] 11#11: exiting
2018/12/25 11:53:40 [notice] 1#1: signal 17 (SIGCHLD) received from 8
2018/12/25 11:53:40 [notice] 1#1: worker process 8 exited with code 0
2018/12/25 11:53:40 [notice] 1#1: worker process 9 exited with code 0
2018/12/25 11:53:40 [notice] 1#1: worker process 10 exited with code 0
2018/12/25 11:53:40 [notice] 1#1: worker process 11 exited with code 0
2018/12/25 11:53:40 [notice] 1#1: exit
2018/12/25 11:53:59 [notice] 1#1: using the "epoll" event method
2018/12/25 11:53:59 [notice] 1#1: nginx/1.15.5
2018/12/25 11:53:59 [notice] 1#1: built by gcc 6.4.0 (Alpine 6.4.0) 
2018/12/25 11:53:59 [notice] 1#1: OS: Linux 4.15.0-43-generic
2018/12/25 11:53:59 [notice] 1#1: getrlimit(RLIMIT_NOFILE): 1048576:1048576
2018/12/25 11:53:59 [notice] 1#1: start worker processes
2018/12/25 11:53:59 [notice] 1#1: start worker process 9
2018/12/25 11:53:59 [notice] 1#1: start worker process 10
2018/12/25 11:53:59 [notice] 1#1: start worker process 11
2018/12/25 11:53:59 [notice] 1#1: start worker process 12
2018/12/25 11:54:48 [notice] 1#1: signal 15 (SIGTERM) received, exiting
2018/12/25 11:54:48 [notice] 9#9: exiting
2018/12/25 11:54:48 [notice] 11#11: exiting
2018/12/25 11:54:48 [notice] 10#10: exiting
2018/12/25 11:54:48 [notice] 12#12: exiting
2018/12/25 11:54:48 [notice] 1#1: signal 17 (SIGCHLD) received from 12
2018/12/25 11:54:48 [notice] 1#1: worker process 9 exited with code 0
2018/12/25 11:54:48 [notice] 1#1: worker process 10 exited with code 0
2018/12/25 11:54:48 [notice] 1#1: worker process 12 exited with code 0
2018/12/25 11:54:48 [notice] 1#1: signal 29 (SIGIO) received
2018/12/25 11:54:48 [notice] 1#1: signal 17 (SIGCHLD) received from 10
2018/12/25 11:54:48 [notice] 1#1: signal 17 (SIGCHLD) received from 11
2018/12/25 11:54:48 [notice] 1#1: worker process 11 exited with code 0
2018/12/25 11:54:48 [notice] 1#1: exit
2018/12/25 12:33:28 [notice] 1#1: using the "epoll" event method
2018/12/25 12:33:28 [notice] 1#1: nginx/1.15.5
2018/12/25 12:33:28 [notice] 1#1: built by gcc 6.4.0 (Alpine 6.4.0) 
2018/12/25 12:33:28 [notice] 1#1: OS: Linux 4.15.0-43-generic
2018/12/25 12:33:28 [notice] 1#1: getrlimit(RLIMIT_NOFILE): 1048576:1048576
2018/12/25 12:33:28 [notice] 1#1: start worker processes
2018/12/25 12:33:28 [notice] 1#1: start worker process 9
2018/12/25 12:33:28 [notice] 1#1: start worker process 10
2018/12/25 12:33:28 [notice] 1#1: start worker process 11
2018/12/25 12:33:28 [notice] 1#1: start worker process 12
2018/12/25 12:41:13 [notice] 1#1: signal 15 (SIGTERM) received, exiting
2018/12/25 12:41:13 [notice] 9#9: exiting
2018/12/25 12:41:13 [notice] 10#10: exiting
2018/12/25 12:41:13 [notice] 11#11: exiting
2018/12/25 12:41:13 [notice] 12#12: exiting
2018/12/25 12:41:13 [notice] 1#1: signal 17 (SIGCHLD) received from 9
2018/12/25 12:41:13 [notice] 1#1: worker process 9 exited with code 0
2018/12/25 12:41:13 [notice] 1#1: worker process 11 exited with code 0
2018/12/25 12:41:13 [notice] 1#1: worker process 12 exited with code 0
2018/12/25 12:41:13 [notice] 1#1: signal 29 (SIGIO) received
2018/12/25 12:41:13 [notice] 1#1: signal 17 (SIGCHLD) received from 11
2018/12/25 12:41:13 [notice] 1#1: signal 17 (SIGCHLD) received from 10
2018/12/25 12:41:13 [notice] 1#1: worker process 10 exited with code 0
2018/12/25 12:41:13 [notice] 1#1: exit
2018/12/25 12:41:22 [notice] 1#1: using the "epoll" event method
2018/12/25 12:41:22 [notice] 1#1: nginx/1.15.5
2018/12/25 12:41:22 [notice] 1#1: built by gcc 6.4.0 (Alpine 6.4.0) 
2018/12/25 12:41:22 [notice] 1#1: OS: Linux 4.15.0-43-generic
2018/12/25 12:41:22 [notice] 1#1: getrlimit(RLIMIT_NOFILE): 1048576:1048576
2018/12/25 12:41:22 [notice] 1#1: start worker processes
2018/12/25 12:41:22 [notice] 1#1: start worker process 7
2018/12/25 12:41:22 [notice] 1#1: start worker process 8
2018/12/25 12:41:22 [notice] 1#1: start worker process 9
2018/12/25 12:41:22 [notice] 1#1: start worker process 10
2018/12/25 13:44:37 [notice] 1#1: signal 15 (SIGTERM) received, exiting
2018/12/25 13:44:37 [notice] 9#9: exiting
2018/12/25 13:44:37 [notice] 7#7: exiting
2018/12/25 13:44:37 [notice] 8#8: exiting
2018/12/25 13:44:37 [notice] 10#10: exiting
2018/12/25 13:44:37 [notice] 1#1: signal 17 (SIGCHLD) received from 10
2018/12/25 13:44:37 [notice] 1#1: worker process 7 exited with code 0
2018/12/25 13:44:37 [notice] 1#1: worker process 8 exited with code 0
2018/12/25 13:44:37 [notice] 1#1: worker process 9 exited with code 0
2018/12/25 13:44:37 [notice] 1#1: worker process 10 exited with code 0
2018/12/25 13:44:37 [notice] 1#1: exit
2018/12/25 13:44:48 [notice] 1#1: using the "epoll" event method
2018/12/25 13:44:48 [notice] 1#1: nginx/1.15.5
2018/12/25 13:44:48 [notice] 1#1: built by gcc 6.4.0 (Alpine 6.4.0) 
2018/12/25 13:44:48 [notice] 1#1: OS: Linux 4.15.0-43-generic
2018/12/25 13:44:48 [notice] 1#1: getrlimit(RLIMIT_NOFILE): 1048576:1048576
2018/12/25 13:44:48 [notice] 1#1: start worker processes
2018/12/25 13:44:48 [notice] 1#1: start worker process 7
2018/12/25 13:44:48 [notice] 1#1: start worker process 8
2018/12/25 13:44:48 [notice] 1#1: start worker process 9
2018/12/25 13:44:48 [notice] 1#1: start worker process 10
2018/12/25 13:45:25 [notice] 1#1: signal 15 (SIGTERM) received, exiting
2018/12/25 13:45:25 [notice] 8#8: exiting
2018/12/25 13:45:25 [notice] 9#9: exiting
2018/12/25 13:45:25 [notice] 7#7: exiting
2018/12/25 13:45:25 [notice] 10#10: exiting
2018/12/25 13:45:25 [notice] 1#1: signal 14 (SIGALRM) received
2018/12/25 13:45:25 [notice] 1#1: signal 17 (SIGCHLD) received from 7
2018/12/25 13:45:25 [notice] 1#1: worker process 7 exited with code 0
2018/12/25 13:45:25 [notice] 1#1: worker process 9 exited with code 0
2018/12/25 13:45:25 [notice] 1#1: worker process 10 exited with code 0
2018/12/25 13:45:25 [notice] 1#1: signal 29 (SIGIO) received
2018/12/25 13:45:25 [notice] 1#1: signal 17 (SIGCHLD) received from 9
2018/12/25 13:45:25 [notice] 1#1: signal 17 (SIGCHLD) received from 8
2018/12/25 13:45:25 [notice] 1#1: worker process 8 exited with code 0
2018/12/25 13:45:25 [notice] 1#1: exit
2018/12/25 13:45:33 [notice] 1#1: using the "epoll" event method
2018/12/25 13:45:33 [notice] 1#1: nginx/1.15.5
2018/12/25 13:45:33 [notice] 1#1: built by gcc 6.4.0 (Alpine 6.4.0) 
2018/12/25 13:45:33 [notice] 1#1: OS: Linux 4.15.0-43-generic
2018/12/25 13:45:33 [notice] 1#1: getrlimit(RLIMIT_NOFILE): 1048576:1048576
2018/12/25 13:45:33 [notice] 1#1: start worker processes
2018/12/25 13:45:33 [notice] 1#1: start worker process 8
2018/12/25 13:45:33 [notice] 1#1: start worker process 9
2018/12/25 13:45:33 [notice] 1#1: start worker process 10
2018/12/25 13:45:33 [notice] 1#1: start worker process 11
2018/12/25 13:48:06 [notice] 1#1: signal 15 (SIGTERM) received, exiting
2018/12/25 13:48:06 [notice] 9#9: exiting
2018/12/25 13:48:06 [notice] 8#8: exiting
2018/12/25 13:48:06 [notice] 10#10: exiting
2018/12/25 13:48:06 [notice] 11#11: exiting
2018/12/25 13:48:06 [notice] 1#1: signal 17 (SIGCHLD) received from 9
2018/12/25 13:48:06 [notice] 1#1: worker process 9 exited with code 0
2018/12/25 13:48:06 [notice] 1#1: signal 29 (SIGIO) received
2018/12/25 13:48:06 [notice] 1#1: signal 17 (SIGCHLD) received from 10
2018/12/25 13:48:06 [notice] 1#1: worker process 10 exited with code 0
2018/12/25 13:48:06 [notice] 1#1: signal 29 (SIGIO) received
2018/12/25 13:48:06 [notice] 1#1: signal 17 (SIGCHLD) received from 8
2018/12/25 13:48:06 [notice] 1#1: worker process 8 exited with code 0
2018/12/25 13:48:06 [notice] 1#1: signal 17 (SIGCHLD) received from 11
2018/12/25 13:48:06 [notice] 1#1: worker process 11 exited with code 0
2018/12/25 13:48:06 [notice] 1#1: exit
2018/12/25 13:48:14 [notice] 1#1: using the "epoll" event method
2018/12/25 13:48:14 [notice] 1#1: nginx/1.15.5
2018/12/25 13:48:14 [notice] 1#1: built by gcc 6.4.0 (Alpine 6.4.0) 
2018/12/25 13:48:14 [notice] 1#1: OS: Linux 4.15.0-43-generic
2018/12/25 13:48:14 [notice] 1#1: getrlimit(RLIMIT_NOFILE): 1048576:1048576
2018/12/25 13:48:14 [notice] 1#1: start worker processes
2018/12/25 13:48:14 [notice] 1#1: start worker process 8
2018/12/25 13:48:14 [notice] 1#1: start worker process 9
2018/12/25 13:48:14 [notice] 1#1: start worker process 10
2018/12/25 13:48:14 [notice] 1#1: start worker process 11
2018/12/25 13:50:14 [notice] 1#1: signal 15 (SIGTERM) received, exiting
2018/12/25 13:50:14 [notice] 8#8: exiting
2018/12/25 13:50:14 [notice] 9#9: exiting
2018/12/25 13:50:14 [notice] 10#10: exiting
2018/12/25 13:50:14 [notice] 11#11: exiting
2018/12/25 13:50:14 [notice] 1#1: signal 17 (SIGCHLD) received from 8
2018/12/25 13:50:14 [notice] 1#1: worker process 8 exited with code 0
2018/12/25 13:50:14 [notice] 1#1: worker process 11 exited with code 0
2018/12/25 13:50:14 [notice] 1#1: signal 29 (SIGIO) received
2018/12/25 13:50:14 [notice] 1#1: signal 17 (SIGCHLD) received from 9
2018/12/25 13:50:14 [notice] 1#1: worker process 9 exited with code 0
2018/12/25 13:50:14 [notice] 1#1: worker process 10 exited with code 0
2018/12/25 13:50:14 [notice] 1#1: exit
2018/12/25 13:50:22 [notice] 1#1: using the "epoll" event method
2018/12/25 13:50:22 [notice] 1#1: nginx/1.15.5
2018/12/25 13:50:22 [notice] 1#1: built by gcc 6.4.0 (Alpine 6.4.0) 
2018/12/25 13:50:22 [notice] 1#1: OS: Linux 4.15.0-43-generic
2018/12/25 13:50:22 [notice] 1#1: getrlimit(RLIMIT_NOFILE): 1048576:1048576
2018/12/25 13:50:22 [notice] 1#1: start worker processes
2018/12/25 13:50:22 [notice] 1#1: start worker process 8
2018/12/25 13:50:22 [notice] 1#1: start worker process 9
2018/12/25 13:50:22 [notice] 1#1: start worker process 10
2018/12/25 13:50:22 [notice] 1#1: start worker process 11
2018/12/25 13:50:52 [error] 8#8: *4 open() "/var/www/public/favicon.ico" failed (2: No such file or directory), client: 172.25.0.1, server: coltsteele.udemy.local, request: "GET /favicon.ico HTTP/2.0", host: "coltsteele.udemy.local", referrer: "https://coltsteele.udemy.local/"
2018/12/25 13:52:25 [notice] 1#1: signal 15 (SIGTERM) received, exiting
2018/12/25 13:52:25 [notice] 8#8: exiting
2018/12/25 13:52:25 [notice] 10#10: exiting
2018/12/25 13:52:25 [notice] 9#9: exiting
2018/12/25 13:52:25 [notice] 11#11: exiting
2018/12/25 13:52:25 [notice] 1#1: signal 17 (SIGCHLD) received from 8
2018/12/25 13:52:25 [notice] 1#1: worker process 8 exited with code 0
2018/12/25 13:52:25 [notice] 1#1: signal 29 (SIGIO) received
2018/12/25 13:52:25 [notice] 1#1: signal 17 (SIGCHLD) received from 9
2018/12/25 13:52:25 [notice] 1#1: worker process 9 exited with code 0
2018/12/25 13:52:25 [notice] 1#1: signal 29 (SIGIO) received
2018/12/25 13:52:25 [notice] 1#1: signal 17 (SIGCHLD) received from 10
2018/12/25 13:52:25 [notice] 1#1: worker process 10 exited with code 0
2018/12/25 13:52:25 [notice] 1#1: worker process 11 exited with code 0
2018/12/25 13:52:25 [notice] 1#1: exit
2018/12/25 13:52:33 [notice] 1#1: using the "epoll" event method
2018/12/25 13:52:33 [notice] 1#1: nginx/1.15.5
2018/12/25 13:52:33 [notice] 1#1: built by gcc 6.4.0 (Alpine 6.4.0) 
2018/12/25 13:52:33 [notice] 1#1: OS: Linux 4.15.0-43-generic
2018/12/25 13:52:33 [notice] 1#1: getrlimit(RLIMIT_NOFILE): 1048576:1048576
2018/12/25 13:52:33 [notice] 1#1: start worker processes
2018/12/25 13:52:33 [notice] 1#1: start worker process 8
2018/12/25 13:52:33 [notice] 1#1: start worker process 9
2018/12/25 13:52:33 [notice] 1#1: start worker process 10
2018/12/25 13:52:33 [notice] 1#1: start worker process 11
